Last login: Thu Mar 18 10:53:59 2021 from 54.153.68.14
terminal width 511
terminal width 511
arista1#terminal width 511
Width set to 511 columns.
arista1#terminal length 0
Pagination disabled.
arista1#
arista1#
arista1#
arista1#
arista1#
arista1#
arista1#
arista1#show vlan
VLAN  Name                             Status    Ports
----- -------------------------------- --------- -------------------------------
1     default                          active    Cpu, Et1
2     VLAN0002                         active    Et2
3     VLAN0003                         active    Et3
4     VLAN0004                         active    Et4
5     VLAN0005                         active    Et5
6     VLAN0006                         active    Et6
7     VLAN0007                         active    Et7

arista1#
arista1#exit
